<?xml version="1.0" encoding="UTF-8"?><testsuite errors="1" failures="0" name="Academy choucair" skipped="0" tests="1" time="6.03" timestamp="2021-12-26 01:16:15"><testcase name="Search for the atomation course"><error message="Could not instantiate class org.openqa.selenium.chrome.ChromeDriver" type="net.thucydides.core.webdriver.DriverConfigurationError">Could not instantiate class org.openqa.selenium.chrome.ChromeDriver</error><system-err>Could not instantiate class org.openqa.selenium.chrome.ChromeDriver&#13;
proyectobase.tasks.OpenUp.performAs(OpenUp.java:19)&#13;
proyectobase.stepdefinitions.ChoucairAcademyStepDefinitions.thanBrandonWantsToLearnAutomationAtTheAcademyChoucair(ChoucairAcademyStepDefinitions.java:20)&#13;
cucumber.runner.Runner.runPickle(Runner.java:80)&#13;
</system-err></testcase></testsuite>